{
  "RSpec": {
    "coverage": {
      "/Users/NadiDami/Documents/MakersAcademy/rails_intro/blog/config/environment.rb": [
        null,
        1,
        null,
        null,
        1
      ],
      "/Users/NadiDami/Documents/MakersAcademy/rails_intro/blog/config/application.rb": [
        1,
        null,
        1,
        null,
        null,
        null,
        1,
        null,
        1,
        1,
        null,
        null,
        null,
        null,
        null,
        null,
        null,
        null,
        null,
        null,
        null,
        null,
        null
      ],
      "/Users/NadiDami/Documents/MakersAcademy/rails_intro/blog/config/boot.rb": [
        null,
        1,
        null,
        1
      ],
      "/Users/NadiDami/Documents/MakersAcademy/rails_intro/blog/config/environments/test.rb": [
        1,
        null,
        null,
        null,
        null,
        null,
        null,
        1,
        null,
        null,
        null,
        null,
        1,
        null,
        null,
        1,
        1,
        null,
        null,
        1,
        1,
        null,
        null,
        1,
        null,
        null,
        1,
        null,
        null,
        null,
        null,
        1,
        null,
        null,
        1,
        null
      ],
      "/Users/NadiDami/Documents/MakersAcademy/rails_intro/blog/config/initializers/backtrace_silencers.rb": [
        null,
        null,
        null,
        null,
        null,
        null,
        null
      ],
      "/Users/NadiDami/Documents/MakersAcademy/rails_intro/blog/config/initializers/filter_parameter_logging.rb": [
        null,
        null,
        null,
        1
      ],
      "/Users/NadiDami/Documents/MakersAcademy/rails_intro/blog/config/initializers/inflections.rb": [
        null,
        null,
        null,
        null,
        null,
        null,
        null,
        null,
        null,
        null,
        null,
        null,
        null,
        null,
        null,
        null
      ],
      "/Users/NadiDami/Documents/MakersAcademy/rails_intro/blog/config/initializers/mime_types.rb": [
        null,
        null,
        null,
        null,
        null
      ],
      "/Users/NadiDami/Documents/MakersAcademy/rails_intro/blog/config/initializers/secret_token.rb": [
        null,
        null,
        null,
        null,
        null,
        null,
        null,
        null,
        null,
        null,
        null,
        1
      ],
      "/Users/NadiDami/Documents/MakersAcademy/rails_intro/blog/config/initializers/session_store.rb": [
        null,
        null,
        1
      ],
      "/Users/NadiDami/Documents/MakersAcademy/rails_intro/blog/config/initializers/wrap_parameters.rb": [
        null,
        null,
        null,
        null,
        null,
        null,
        1,
        1,
        null,
        null,
        null,
        null,
        null,
        null
      ],
      "/Users/NadiDami/Documents/MakersAcademy/rails_intro/blog/config/routes.rb": [
        1,
        1,
        null,
        null,
        null,
        null,
        1,
        1,
        1,
        null,
        null,
        1,
        null,
        null,
        null,
        null,
        null,
        null,
        null,
        null,
        null,
        null,
        null,
        null,
        null,
        null,
        null,
        null,
        null,
        null,
        null,
        null,
        null,
        null,
        null,
        null,
        null,
        null,
        null,
        null,
        null,
        null,
        null,
        null,
        null,
        null,
        null,
        null,
        null,
        null,
        null,
        null,
        null,
        null,
        null,
        null,
        null,
        null,
        null,
        null,
        null,
        null
      ],
      "/Users/NadiDami/Documents/MakersAcademy/rails_intro/blog/app/helpers/application_helper.rb": [
        1,
        null
      ],
      "/Users/NadiDami/Documents/MakersAcademy/rails_intro/blog/app/helpers/comments_helper.rb": [
        1,
        null
      ],
      "/Users/NadiDami/Documents/MakersAcademy/rails_intro/blog/app/helpers/posts_helper.rb": [
        1,
        null
      ],
      "/Users/NadiDami/Documents/MakersAcademy/rails_intro/blog/app/helpers/votes_helper.rb": [
        1,
        null
      ],
      "/Users/NadiDami/Documents/MakersAcademy/rails_intro/blog/app/helpers/welcome_helper.rb": [
        1,
        null
      ],
      "/Users/NadiDami/Documents/MakersAcademy/rails_intro/blog/spec/features/post_feature_spec.rb": [
        1,
        null,
        1,
        0,
        null,
        null,
        1,
        null,
        null,
        1,
        null,
        1,
        1,
        1,
        1,
        null,
        null,
        1,
        null,
        1,
        2,
        2,
        null,
        null,
        1,
        1,
        null,
        null,
        1,
        1,
        1,
        null,
        null,
        null,
        null,
        null,
        null,
        1,
        null,
        1,
        1,
        1,
        1,
        1,
        1,
        null,
        null,
        null,
        null,
        1,
        null,
        1,
        2,
        2,
        2,
        null,
        null,
        1,
        1,
        1,
        1,
        1,
        null,
        null,
        null,
        1,
        1,
        1,
        null,
        null,
        null,
        null,
        null
      ],
      "/Users/NadiDami/Documents/MakersAcademy/rails_intro/blog/spec/features/voting_feature_spec.rb": [
        1,
        null,
        1,
        5,
        null,
        null,
        1,
        null,
        1,
        1,
        1,
        1,
        1,
        null,
        null,
        null,
        null
      ],
      "/Users/NadiDami/Documents/MakersAcademy/rails_intro/blog/spec/helpers/comments_helper_spec.rb": [
        null,
        null,
        null,
        null,
        null,
        null,
        null,
        null,
        null,
        null,
        null,
        null,
        null,
        null,
        null
      ],
      "/Users/NadiDami/Documents/MakersAcademy/rails_intro/blog/spec/helpers/posts_helper_spec.rb": [
        null,
        null,
        null,
        null,
        null,
        null,
        null,
        null,
        null,
        null,
        null,
        null,
        null,
        null,
        null
      ],
      "/Users/NadiDami/Documents/MakersAcademy/rails_intro/blog/spec/helpers/votes_helper_spec.rb": [
        null,
        null,
        null,
        null,
        null,
        null,
        null,
        null,
        null,
        null,
        null,
        null,
        null,
        null,
        null
      ],
      "/Users/NadiDami/Documents/MakersAcademy/rails_intro/blog/spec/models/comment_spec.rb": [
        null,
        null,
        null,
        null,
        null
      ],
      "/Users/NadiDami/Documents/MakersAcademy/rails_intro/blog/spec/models/post_spec.rb": [
        1,
        6,
        null,
        1,
        1,
        1,
        null,
        null,
        null,
        1,
        1,
        1,
        1,
        null,
        1,
        1,
        1,
        null,
        null,
        null,
        1,
        1,
        null,
        null,
        1,
        1,
        null,
        null,
        1,
        null,
        1,
        1,
        1,
        1,
        1,
        null,
        null,
        1,
        1,
        1,
        1,
        1,
        null,
        null,
        1,
        1,
        1,
        1,
        1,
        null,
        null,
        null,
        null,
        1,
        null,
        1,
        1,
        1,
        null,
        1,
        1,
        null,
        1,
        null,
        null,
        1,
        null,
        null,
        null,
        null,
        null,
        null
      ],
      "/Users/NadiDami/Documents/MakersAcademy/rails_intro/blog/app/models/post.rb": [
        1,
        null,
        1,
        1,
        null,
        1,
        null,
        null,
        null,
        1,
        30,
        5,
        null,
        null,
        1,
        12,
        null,
        null,
        1,
        null,
        1,
        30,
        null,
        null,
        1,
        30,
        null,
        null,
        null
      ],
      "/Users/NadiDami/Documents/MakersAcademy/rails_intro/blog/spec/models/vote_spec.rb": [
        null,
        null,
        null,
        null,
        null
      ],
      "/Users/NadiDami/Documents/MakersAcademy/rails_intro/blog/app/controllers/posts_controller.rb": [
        1,
        null,
        1,
        11,
        null,
        null,
        1,
        1,
        null,
        null,
        1,
        1,
        null,
        1,
        1,
        1,
        null,
        0,
        null,
        null,
        null,
        1,
        7,
        null,
        null,
        1,
        1,
        null,
        null,
        1,
        1,
        null,
        1,
        1,
        null,
        0,
        null,
        null,
        null,
        1,
        1,
        1,
        null,
        1,
        null,
        null,
        null,
        null,
        null,
        null
      ],
      "/Users/NadiDami/Documents/MakersAcademy/rails_intro/blog/app/controllers/application_controller.rb": [
        1,
        null,
        null,
        1,
        null
      ],
      "/Users/NadiDami/Documents/MakersAcademy/rails_intro/blog/app/models/vote.rb": [
        1,
        1,
        null
      ],
      "/Users/NadiDami/Documents/MakersAcademy/rails_intro/blog/app/models/comment.rb": [
        1,
        1,
        null,
        null
      ],
      "/Users/NadiDami/Documents/MakersAcademy/rails_intro/blog/app/controllers/comments_controller.rb": [
        1,
        null,
        1,
        1,
        1,
        1,
        null,
        null,
        null,
        null
      ],
      "/Users/NadiDami/Documents/MakersAcademy/rails_intro/blog/app/controllers/welcome_controller.rb": [
        1,
        1,
        null,
        null
      ],
      "/Users/NadiDami/Documents/MakersAcademy/rails_intro/blog/app/controllers/votes_controller.rb": [
        1,
        null,
        1,
        1,
        1,
        1,
        null,
        null,
        null
      ]
    },
    "timestamp": 1384961523
  }
}
